<?xml version="1.0" encoding="UTF-8"?>
<!-- Generated by org.testng.reporters.JUnitReportReporter -->
<testsuite hostname="DESKTOP-SASHIKUMAR" failures="0" tests="1" name="Users.CreateUser" time="0.002" errors="0" timestamp="2022-11-22T15:51:47 IST" skipped="0">
  <testcase classname="Users.CreateUser" name="cerateuser" time="0.002"/>
  <system-out/>
</testsuite> <!-- Users.CreateUser -->
